<?xml version="1.0" encoding="UTF-8"?>
<!-- Generated by org.testng.reporters.JUnitReportReporter -->
<testsuite skipped="0" hostname="skycore-06" name="com.qa.test.LoginPageTest" tests="2" failures="0" timestamp="01 May 2020 10:59:28 GMT" time="62.951" errors="0">
  <testcase name="verifyTitle" time="26.989" classname="com.qa.test.LoginPageTest"/>
  <testcase name="loginTeest" time="35.962" classname="com.qa.test.LoginPageTest"/>
</testsuite> <!-- com.qa.test.LoginPageTest -->
