<?xml version="1.0" encoding="UTF-8"?>
<!-- Generated by org.testng.reporters.JUnitReportReporter -->
<testsuite skipped="0" hostname="skycore-06" name="com.qa.test.HomePageTest" tests="6" failures="0" timestamp="26 Apr 2020 13:20:03 GMT" time="153.233" errors="0">
  <testcase name="TitleVerify" time="24.226" classname="com.qa.test.HomePageTest"/>
  <testcase name="VerifyLoginUserName" time="24.532" classname="com.qa.test.HomePageTest"/>
  <testcase name="VerifyContactPage" time="26.565" classname="com.qa.test.HomePageTest"/>
  <testcase name="VerifyCompaniesPage" time="25.285" classname="com.qa.test.HomePageTest"/>
  <testcase name="VerifyDealsPage" time="24.903" classname="com.qa.test.HomePageTest"/>
  <testcase name="VerifyTasks" time="27.722" classname="com.qa.test.HomePageTest"/>
</testsuite> <!-- com.qa.test.HomePageTest -->
