<?xml version="1.0" encoding="UTF-8"?>
<!-- Generated by org.testng.reporters.JUnitReportReporter -->
<testsuite skipped="0" hostname="skycore-06" name="com.qa.test.ContactPageTest" tests="1" failures="0" timestamp="01 May 2020 10:59:28 GMT" time="41.513" errors="0">
  <testcase name="contactlabelverify" time="41.513" classname="com.qa.test.ContactPageTest"/>
</testsuite> <!-- com.qa.test.ContactPageTest -->
