<?xml version="1.0" encoding="UTF-8"?>
<!-- Generated by org.testng.reporters.JUnitReportReporter -->
<testsuite skipped="0" hostname="skycore-06" name="com.qa.test.LoginPageTest" tests="1" failures="0" timestamp="25 Apr 2020 13:48:30 GMT" time="15.003" errors="0">
  <testcase name="loginTeest" time="15.003" classname="com.qa.test.LoginPageTest"/>
</testsuite> <!-- com.qa.test.LoginPageTest -->
