<?xml version="1.0" encoding="UTF-8"?>
<!-- Generated by org.testng.reporters.JUnitReportReporter -->
<testsuite skipped="0" hostname="skycore-06" name="com.qa.test.LoginPageTest" tests="2" failures="0" timestamp="26 Apr 2020 13:05:09 GMT" time="52.994" errors="0">
  <testcase name="verifyTitle" time="26.448" classname="com.qa.test.LoginPageTest"/>
  <testcase name="loginTeest" time="26.546" classname="com.qa.test.LoginPageTest"/>
</testsuite> <!-- com.qa.test.LoginPageTest -->
